05-Mar-25 23:05:03 - INFO - ----MATH CALCULATOR STARTED----
05-Mar-25 23:05:09 - DEBUG - Received expression: 9-1
05-Mar-25 23:05:09 - INFO - the given Expression is valid
05-Mar-25 23:05:09 - INFO - Result of the expression: 8
05-Mar-25 23:05:09 - INFO - ----MATH CALCULATOR ENDED----
05-Mar-25 23:05:09 - INFO - ----MATH CALCULATOR STARTED----
05-Mar-25 23:05:21 - DEBUG - Received expression: 7**2
05-Mar-25 23:05:21 - INFO - the given Expression is valid
05-Mar-25 23:05:21 - INFO - Result of the expression: 49
05-Mar-25 23:05:21 - INFO - ----MATH CALCULATOR ENDED----
05-Mar-25 23:05:21 - INFO - ----MATH CALCULATOR STARTED----
05-Mar-25 23:05:42 - DEBUG - Received expression: (3-1)+(10*3)
05-Mar-25 23:05:42 - INFO - the given Expression is valid
05-Mar-25 23:05:42 - INFO - Result of the expression: 32
05-Mar-25 23:05:42 - INFO - ----MATH CALCULATOR ENDED----
05-Mar-25 23:05:42 - INFO - ----MATH CALCULATOR STARTED----
05-Mar-25 23:06:21 - INFO - ----MATH CALCULATOR STARTED----
05-Mar-25 23:06:23 - DEBUG - Received expression: tha
05-Mar-25 23:06:23 - ERROR - Invalid expression: tha
05-Mar-25 23:06:23 - INFO - ----MATH CALCULATOR ENDED----
05-Mar-25 23:06:23 - INFO - ----MATH CALCULATOR STARTED----
